This is LuaTeX, Version 1.14.0 (TeX Live 2022/dev/Debian)  (format=luatex 2023.5.31)  10 JUL 2023 14:54
 restricted system commands enabled.
**Main.tex
(./Main.tex
! Undefined control sequence.
l.1 \documentclass
                {article}
? 
! Undefined control sequence.
l.3 \usepackage
             [utf8]{inputenc}
? 
! Interruption.
<to be read again> 
[
l.3 \usepackage[
              utf8]{inputenc}
? 
Type <return> to proceed, S to scroll future error messages,
R to run without stopping, Q to run quietly,
I to insert something, E to edit your file,
H for help, X to quit.
? 
Type <return> to proceed, S to scroll future error messages,
R to run without stopping, Q to run quietly,
I to insert something, E to edit your file,
H for help, X to quit.
? X

warning  (pdf backend): no pages of output.

PDF statistics: 0 PDF objects out of 1000 (max. 8388607)
 0 named destinations out of 1000 (max. 131072)
 1 words of extra memory for PDF output out of 10000 (max. 100000000)

